TN:
SF:src\services\auth.service.ts
FN:11,(anonymous_1)
FN:41,(anonymous_2)
FN:65,(anonymous_3)
FN:85,(anonymous_4)
FNF:4
FNH:4
FNDA:2,(anonymous_1)
FNDA:3,(anonymous_2)
FNDA:2,(anonymous_3)
FNDA:2,(anonymous_4)
DA:1,1
DA:2,1
DA:3,1
DA:4,1
DA:7,1
DA:8,1
DA:10,1
DA:12,2
DA:18,2
DA:19,1
DA:22,1
DA:24,1
DA:33,1
DA:35,1
DA:42,3
DA:48,3
DA:49,1
DA:52,2
DA:53,2
DA:54,1
DA:57,1
DA:59,1
DA:66,2
DA:78,2
DA:79,1
DA:82,1
DA:86,2
DA:92,2
DA:96,1
LF:29
LH:29
BRDA:18,0,0,1
BRDA:48,1,0,1
BRDA:53,2,0,1
BRDA:78,3,0,1
BRF:4
BRH:4
end_of_record
TN:
SF:src\services\csv.service.ts
FN:6,(anonymous_0)
FN:23,(anonymous_1)
FNF:2
FNH:2
FNDA:2,(anonymous_0)
FNDA:1,(anonymous_1)
DA:1,1
DA:2,1
DA:3,1
DA:5,1
DA:7,2
DA:23,2
DA:35,2
DA:39,1
LF:8
LH:8
BRDA:26,0,0,1
BRDA:26,0,1,0
BRDA:30,1,0,1
BRDA:30,1,1,0
BRF:4
BRH:2
end_of_record
TN:
SF:src\services\task.service.ts
FN:6,(anonymous_0)
FN:23,(anonymous_1)
FN:40,(anonymous_2)
FN:53,(anonymous_3)
FN:110,(anonymous_4)
FN:123,(anonymous_5)
FN:139,(anonymous_6)
FN:152,(anonymous_7)
FNF:8
FNH:8
FNDA:1,(anonymous_0)
FNDA:3,(anonymous_1)
FNDA:15,(anonymous_2)
FNDA:9,(anonymous_3)
FNDA:13,(anonymous_4)
FNDA:2,(anonymous_5)
FNDA:2,(anonymous_6)
FNDA:1,(anonymous_7)
DA:1,1
DA:2,1
DA:5,1
DA:7,1
DA:20,1
DA:24,3
DA:26,3
DA:27,1
DA:29,3
DA:30,1
DA:33,3
DA:41,15
DA:50,15
DA:54,9
DA:55,9
DA:56,1
DA:59,8
DA:61,8
DA:62,2
DA:64,8
DA:65,2
DA:67,8
DA:68,2
DA:70,8
DA:71,2
DA:73,8
DA:74,2
DA:77,8
DA:78,8
DA:79,8
DA:80,8
DA:81,8
DA:82,8
DA:83,8
DA:84,3
DA:85,3
DA:86,3
DA:87,3
DA:93,3
DA:96,8
DA:98,8
DA:108,8
DA:109,8
DA:110,13
DA:120,8
DA:124,2
DA:125,2
DA:126,1
DA:129,1
DA:136,1
DA:140,2
DA:141,2
DA:142,1
DA:145,1
DA:153,1
DA:154,1
DA:156,1
DA:167,1
LF:58
LH:58
BRDA:15,0,0,0
BRDA:15,0,1,1
BRDA:26,1,0,1
BRDA:29,2,0,1
BRDA:55,3,0,1
BRDA:61,4,0,2
BRDA:61,5,0,8
BRDA:61,5,1,2
BRDA:64,6,0,2
BRDA:64,7,0,8
BRDA:64,7,1,2
BRDA:67,8,0,2
BRDA:67,9,0,8
BRDA:67,9,1,2
BRDA:70,10,0,2
BRDA:70,11,0,8
BRDA:70,11,1,2
BRDA:73,12,0,2
BRDA:73,13,0,8
BRDA:73,13,1,2
BRDA:78,14,0,2
BRDA:79,15,0,2
BRDA:80,16,0,2
BRDA:81,17,0,2
BRDA:82,18,0,2
BRDA:83,19,0,3
BRDA:84,20,0,2
BRDA:84,20,1,1
BRDA:85,21,0,3
BRDA:85,21,1,0
BRDA:86,22,0,3
BRDA:89,23,0,3
BRDA:89,23,1,0
BRDA:90,24,0,2
BRDA:90,24,1,1
BRDA:108,25,0,8
BRDA:125,26,0,1
BRDA:141,27,0,1
BRF:38
BRH:35
end_of_record
